<?xml version="1.0" encoding="UTF-8"?>
<!-- Generated by org.testng.reporters.JUnitXMLReporter -->
<testsuite ignored="0" hostname="Lance" failures="0" tests="7" name="Default test" time="108.967" errors="0" timestamp="2024-03-27T18:08:58 GMT-04:00">
  <testcase classname="testPackage.Test01" name="portalLogin" time="27.258"/>
  <testcase classname="testPackage.Test01" name="transcriptDownload" time="16.788"/>
  <testcase classname="testPackage.Test02" name="addCanvasTodo" time="10.693"/>
  <testcase classname="testPackage.Test02" name="addCanvasTodo" time="8.231"/>
  <testcase classname="testPackage.Test02" name="addCanvasTodo" time="8.104"/>
  <testcase classname="testPackage.Test04" name="classroomGuide" time="22.009"/>
  <testcase classname="testPackage.Test05" name="academicCalendar" time="12.511"/>
</testsuite> <!-- Default test -->
