<?xml version="1.0" encoding="UTF-8"?>
<!-- Generated by org.testng.reporters.JUnitXMLReporter -->
<testsuite ignored="0" hostname="Rushi" failures="0" tests="8" name="All Tests" time="119.327" errors="0" timestamp="2024-03-28T02:03:58 GMT-04:00">
  <testcase classname="testPackage.Test01" name="portalLogin" time="20.951"/>
  <testcase classname="testPackage.Test01" name="transcriptDownload" time="16.39"/>
  <testcase classname="testPackage.Test02" name="addCanvasTodo" time="12.296"/>
  <testcase classname="testPackage.Test02" name="addCanvasTodo" time="9.547"/>
  <testcase classname="testPackage.Test02" name="addCanvasTodo" time="9.901"/>
  <testcase classname="testPackage.Test03" name="classroomGuide" time="13.424"/>
  <testcase classname="testPackage.Test04" name="classroomGuide" time="20.387"/>
  <testcase classname="testPackage.Test05" name="academicCalendar" time="13.537"/>
</testsuite> <!-- All Tests -->
