<?xml version="1.0" encoding="UTF-8"?>
<!-- Generated by org.testng.reporters.JUnitXMLReporter -->
<testsuite ignored="8" hostname="Lance" failures="0" tests="26" name="Surefire test" time="5.67" errors="0" timestamp="2024-03-27T22:00:55 GMT-04:00">
  <testcase classname="testPackage.Test01" name="@BeforeTest setUp" time="5.154">
    <failure type="org.openqa.selenium.remote.http.ConnectionFailedException" message="Unable to establish websocket connection to http://localhost:60994/devtools/browser/ed073902-ade2-495a-9fd5-8cff7c813b4d
Build info: version: &amp;apos;4.6.0&amp;apos;, revision: &amp;apos;79f1c02ae20&amp;apos;
System info: os.name: &amp;apos;Windows 11&amp;apos;, os.arch: &amp;apos;amd64&amp;apos;, os.version: &amp;apos;10.0&amp;apos;, java.version: &amp;apos;17.0.4&amp;apos;
Driver info: driver.version: ChromeDriver">
      <![CDATA[org.openqa.selenium.remote.http.ConnectionFailedException: Unable to establish websocket connection to http://localhost:60994/devtools/browser/ed073902-ade2-495a-9fd5-8cff7c813b4d
Build info: version: '4.6.0', revision: '79f1c02ae20'
System info: os.name: 'Windows 11', os.arch: 'amd64', os.version: '10.0', java.version: '17.0.4'
Driver info: driver.version: ChromeDriver
at org.openqa.selenium.remote.http.netty.NettyWebSocket.<init>(NettyWebSocket.java:102)
at org.openqa.selenium.remote.http.netty.NettyWebSocket.lambda$create$3(NettyWebSocket.java:128)
at org.openqa.selenium.remote.http.netty.NettyClient.openSocket(NettyClient.java:107)
at org.openqa.selenium.devtools.Connection.<init>(Connection.java:77)
at org.openqa.selenium.chromium.ChromiumDriver.lambda$new$2(ChromiumDriver.java:116)
at java.base/java.util.Optional.map(Optional.java:260)
at org.openqa.selenium.chromium.ChromiumDriver.<init>(ChromiumDriver.java:114)
at org.openqa.selenium.chrome.ChromeDriver.<init>(ChromeDriver.java:81)
at org.openqa.selenium.chrome.ChromeDriver.<init>(ChromeDriver.java:49)
at testPackage.Test01.setUp(Test01.java:60)
... Removed 29 stack frames]]>
    </failure>
  </testcase> <!-- @BeforeTest setUp -->
  <testcase classname="testPackage.Test01" name="@AfterTest tearDown" time="0.0">
    <skipped/>
  </testcase> <!-- @AfterTest tearDown -->
  <testcase classname="testPackage.Test01" name="portalLogin" time="0.0">
    <skipped/>
  </testcase> <!-- portalLogin -->
  <testcase classname="testPackage.Test01" name="transcriptDownload" time="0.0">
    <skipped/>
  </testcase> <!-- transcriptDownload -->
  <testcase classname="testPackage.Test01" name="portalLogin" time="0.0">
    <skipped/>
  </testcase> <!-- portalLogin -->
  <testcase classname="testPackage.Test01" name="transcriptDownload" time="0.0">
    <skipped/>
  </testcase> <!-- transcriptDownload -->
  <testcase classname="testPackage.Test02" name="addCanvasTodo" time="0.0">
    <skipped/>
  </testcase> <!-- addCanvasTodo -->
  <testcase classname="testPackage.Test02" name="addCanvasTodo" time="0.0">
    <skipped/>
  </testcase> <!-- addCanvasTodo -->
  <testcase classname="testPackage.Test02" name="addCanvasTodo" time="0.001">
    <skipped/>
  </testcase> <!-- addCanvasTodo -->
  <testcase classname="testPackage.Test01" name="portalLogin" time="0.001">
    <skipped/>
  </testcase> <!-- portalLogin -->
  <testcase classname="testPackage.Test01" name="transcriptDownload" time="0.0">
    <skipped/>
  </testcase> <!-- transcriptDownload -->
  <testcase classname="testPackage.Test02" name="addCanvasTodo" time="0.0">
    <skipped/>
  </testcase> <!-- addCanvasTodo -->
  <testcase classname="testPackage.Test02" name="addCanvasTodo" time="0.0">
    <skipped/>
  </testcase> <!-- addCanvasTodo -->
  <testcase classname="testPackage.Test02" name="addCanvasTodo" time="0.0">
    <skipped/>
  </testcase> <!-- addCanvasTodo -->
  <testcase classname="testPackage.Test03" name="classroomGuide" time="0.0">
    <skipped/>
  </testcase> <!-- classroomGuide -->
  <testcase classname="testPackage.Test01" name="portalLogin" time="0.0">
    <skipped/>
  </testcase> <!-- portalLogin -->
  <testcase classname="testPackage.Test01" name="transcriptDownload" time="0.0">
    <skipped/>
  </testcase> <!-- transcriptDownload -->
  <testcase classname="testPackage.Test02" name="addCanvasTodo" time="0.0">
    <skipped/>
  </testcase> <!-- addCanvasTodo -->
  <testcase classname="testPackage.Test02" name="addCanvasTodo" time="0.0">
    <skipped/>
  </testcase> <!-- addCanvasTodo -->
  <testcase classname="testPackage.Test02" name="addCanvasTodo" time="0.0">
    <skipped/>
  </testcase> <!-- addCanvasTodo -->
  <testcase classname="testPackage.Test04" name="classroomGuide" time="0.0">
    <skipped/>
  </testcase> <!-- classroomGuide -->
  <testcase classname="testPackage.Test01" name="portalLogin" time="0.0">
    <skipped/>
  </testcase> <!-- portalLogin -->
  <testcase classname="testPackage.Test01" name="transcriptDownload" time="0.0">
    <skipped/>
  </testcase> <!-- transcriptDownload -->
  <testcase classname="testPackage.Test02" name="addCanvasTodo" time="0.0">
    <skipped/>
  </testcase> <!-- addCanvasTodo -->
  <testcase classname="testPackage.Test02" name="addCanvasTodo" time="0.0">
    <skipped/>
  </testcase> <!-- addCanvasTodo -->
  <testcase classname="testPackage.Test02" name="addCanvasTodo" time="0.0">
    <skipped/>
  </testcase> <!-- addCanvasTodo -->
  <testcase classname="testPackage.Test04" name="classroomGuide" time="0.0">
    <skipped/>
  </testcase> <!-- classroomGuide -->
  <testcase classname="testPackage.Test05" name="academicCalendar" time="0.0">
    <skipped/>
  </testcase> <!-- academicCalendar -->
  <testcase classname="testPackage.Test01" name="@AfterTest tearDown" time="0.0">
    <ignored/>
  </testcase> <!-- @AfterTest tearDown -->
  <testcase classname="testPackage.Test01" name="@BeforeTest setUp" time="0.0">
    <ignored/>
  </testcase> <!-- @BeforeTest setUp -->
  <testcase classname="testPackage.Test01" name="@AfterTest tearDown" time="0.0">
    <ignored/>
  </testcase> <!-- @AfterTest tearDown -->
  <testcase classname="testPackage.Test01" name="@BeforeTest setUp" time="0.0">
    <ignored/>
  </testcase> <!-- @BeforeTest setUp -->
  <testcase classname="testPackage.Test01" name="@BeforeTest setUp" time="0.0">
    <ignored/>
  </testcase> <!-- @BeforeTest setUp -->
  <testcase classname="testPackage.Test01" name="@AfterTest tearDown" time="0.0">
    <ignored/>
  </testcase> <!-- @AfterTest tearDown -->
  <testcase classname="testPackage.Test01" name="@BeforeTest setUp" time="0.0">
    <ignored/>
  </testcase> <!-- @BeforeTest setUp -->
  <testcase classname="testPackage.Test01" name="@AfterTest tearDown" time="0.0">
    <ignored/>
  </testcase> <!-- @AfterTest tearDown -->
</testsuite> <!-- Surefire test -->
